<?xml version="1.0" encoding="UTF-8"?>
<!-- Generated by org.testng.reporters.JUnitReportReporter -->
<testsuite skipped="0" hostname="Amar" name="extentreport.Sample_2" tests="1" failures="0" timestamp="13 Aug 2020 11:55:56 GMT" time="0.016" errors="0">
  <testcase name="test1" time="0.016" classname="extentreport.Sample_2"/>
</testsuite> <!-- extentreport.Sample_2 -->
